                                 Started job on |	Jan 09 03:06:50
                             Started mapping on |	Jan 09 03:14:55
                                    Finished on |	Jan 09 03:20:13
       Mapping speed, Million of reads per hour |	257.37

                          Number of input reads |	22734376
                      Average input read length |	40
                                    UNIQUE READS:
                   Uniquely mapped reads number |	17169879
                        Uniquely mapped reads % |	75.52%
                          Average mapped length |	40.26
                       Number of splices: Total |	1058792
            Number of splices: Annotated (sjdb) |	1058754
                       Number of splices: GT/AG |	1051773
                       Number of splices: GC/AG |	5688
                       Number of splices: AT/AC |	863
               Number of splices: Non-canonical |	468
                      Mismatch rate per base, % |	0.49%
                         Deletion rate per base |	0.01%
                        Deletion average length |	1.22
                        Insertion rate per base |	0.00%
                       Insertion average length |	1.17
                             MULTI-MAPPING READS:
        Number of reads mapped to multiple loci |	5127183
             % of reads mapped to multiple loci |	22.55%
        Number of reads mapped to too many loci |	25
             % of reads mapped to too many loci |	0.00%
                                  UNMAPPED READS:
       % of reads unmapped: too many mismatches |	0.00%
                 % of reads unmapped: too short |	0.00%
                     % of reads unmapped: other |	1.92%
                                  CHIMERIC READS:
                       Number of chimeric reads |	0
                            % of chimeric reads |	0.00%
