                                 Started job on |	Jan 09 07:57:57
                             Started mapping on |	Jan 09 08:06:52
                                    Finished on |	Jan 09 08:12:32
       Mapping speed, Million of reads per hour |	252.10

                          Number of input reads |	23809518
                      Average input read length |	40
                                    UNIQUE READS:
                   Uniquely mapped reads number |	17953686
                        Uniquely mapped reads % |	75.41%
                          Average mapped length |	40.15
                       Number of splices: Total |	1255754
            Number of splices: Annotated (sjdb) |	1255748
                       Number of splices: GT/AG |	1246646
                       Number of splices: GC/AG |	7482
                       Number of splices: AT/AC |	1143
               Number of splices: Non-canonical |	483
                      Mismatch rate per base, % |	0.77%
                         Deletion rate per base |	0.01%
                        Deletion average length |	1.21
                        Insertion rate per base |	0.00%
                       Insertion average length |	1.14
                             MULTI-MAPPING READS:
        Number of reads mapped to multiple loci |	5494410
             % of reads mapped to multiple loci |	23.08%
        Number of reads mapped to too many loci |	42
             % of reads mapped to too many loci |	0.00%
                                  UNMAPPED READS:
       % of reads unmapped: too many mismatches |	0.00%
                 % of reads unmapped: too short |	0.00%
                     % of reads unmapped: other |	1.52%
                                  CHIMERIC READS:
                       Number of chimeric reads |	0
                            % of chimeric reads |	0.00%
