                                 Started job on |	Jan 09 04:34:39
                             Started mapping on |	Jan 09 04:43:18
                                    Finished on |	Jan 09 04:49:01
       Mapping speed, Million of reads per hour |	247.71

                          Number of input reads |	23601690
                      Average input read length |	40
                                    UNIQUE READS:
                   Uniquely mapped reads number |	18458292
                        Uniquely mapped reads % |	78.21%
                          Average mapped length |	40.51
                       Number of splices: Total |	808580
            Number of splices: Annotated (sjdb) |	808561
                       Number of splices: GT/AG |	803178
                       Number of splices: GC/AG |	4456
                       Number of splices: AT/AC |	634
               Number of splices: Non-canonical |	312
                      Mismatch rate per base, % |	0.49%
                         Deletion rate per base |	0.01%
                        Deletion average length |	1.22
                        Insertion rate per base |	0.00%
                       Insertion average length |	1.15
                             MULTI-MAPPING READS:
        Number of reads mapped to multiple loci |	4502358
             % of reads mapped to multiple loci |	19.08%
        Number of reads mapped to too many loci |	50
             % of reads mapped to too many loci |	0.00%
                                  UNMAPPED READS:
       % of reads unmapped: too many mismatches |	0.00%
                 % of reads unmapped: too short |	0.00%
                     % of reads unmapped: other |	2.72%
                                  CHIMERIC READS:
                       Number of chimeric reads |	0
                            % of chimeric reads |	0.00%
