                                 Started job on |	Jan 08 22:57:43
                             Started mapping on |	Jan 08 23:03:57
                                    Finished on |	Jan 08 23:06:34
       Mapping speed, Million of reads per hour |	235.71

                          Number of input reads |	10279429
                      Average input read length |	40
                                    UNIQUE READS:
                   Uniquely mapped reads number |	8218441
                        Uniquely mapped reads % |	79.95%
                          Average mapped length |	40.39
                       Number of splices: Total |	341431
            Number of splices: Annotated (sjdb) |	341430
                       Number of splices: GT/AG |	338896
                       Number of splices: GC/AG |	2124
                       Number of splices: AT/AC |	294
               Number of splices: Non-canonical |	117
                      Mismatch rate per base, % |	0.52%
                         Deletion rate per base |	0.01%
                        Deletion average length |	1.22
                        Insertion rate per base |	0.00%
                       Insertion average length |	1.15
                             MULTI-MAPPING READS:
        Number of reads mapped to multiple loci |	1862895
             % of reads mapped to multiple loci |	18.12%
        Number of reads mapped to too many loci |	17
             % of reads mapped to too many loci |	0.00%
                                  UNMAPPED READS:
       % of reads unmapped: too many mismatches |	0.00%
                 % of reads unmapped: too short |	0.00%
                     % of reads unmapped: other |	1.93%
                                  CHIMERIC READS:
                       Number of chimeric reads |	0
                            % of chimeric reads |	0.00%
