                                 Started job on |	Jan 09 13:03:10
                             Started mapping on |	Jan 09 13:11:54
                                    Finished on |	Jan 09 13:17:38
       Mapping speed, Million of reads per hour |	244.45

                          Number of input reads |	23358694
                      Average input read length |	40
                                    UNIQUE READS:
                   Uniquely mapped reads number |	17459890
                        Uniquely mapped reads % |	74.75%
                          Average mapped length |	40.14
                       Number of splices: Total |	1065172
            Number of splices: Annotated (sjdb) |	1065106
                       Number of splices: GT/AG |	1057126
                       Number of splices: GC/AG |	6670
                       Number of splices: AT/AC |	1016
               Number of splices: Non-canonical |	360
                      Mismatch rate per base, % |	0.52%
                         Deletion rate per base |	0.01%
                        Deletion average length |	1.25
                        Insertion rate per base |	0.00%
                       Insertion average length |	1.15
                             MULTI-MAPPING READS:
        Number of reads mapped to multiple loci |	5457761
             % of reads mapped to multiple loci |	23.37%
        Number of reads mapped to too many loci |	107
             % of reads mapped to too many loci |	0.00%
                                  UNMAPPED READS:
       % of reads unmapped: too many mismatches |	0.00%
                 % of reads unmapped: too short |	0.00%
                     % of reads unmapped: other |	1.89%
                                  CHIMERIC READS:
                       Number of chimeric reads |	0
                            % of chimeric reads |	0.00%
