                                 Started job on |	Jan 09 03:50:02
                             Started mapping on |	Jan 09 03:58:27
                                    Finished on |	Jan 09 04:03:53
       Mapping speed, Million of reads per hour |	244.16

                          Number of input reads |	22109624
                      Average input read length |	40
                                    UNIQUE READS:
                   Uniquely mapped reads number |	16234330
                        Uniquely mapped reads % |	73.43%
                          Average mapped length |	39.97
                       Number of splices: Total |	916805
            Number of splices: Annotated (sjdb) |	916799
                       Number of splices: GT/AG |	909945
                       Number of splices: GC/AG |	5571
                       Number of splices: AT/AC |	907
               Number of splices: Non-canonical |	382
                      Mismatch rate per base, % |	0.82%
                         Deletion rate per base |	0.01%
                        Deletion average length |	1.18
                        Insertion rate per base |	0.00%
                       Insertion average length |	1.13
                             MULTI-MAPPING READS:
        Number of reads mapped to multiple loci |	5463758
             % of reads mapped to multiple loci |	24.71%
        Number of reads mapped to too many loci |	21
             % of reads mapped to too many loci |	0.00%
                                  UNMAPPED READS:
       % of reads unmapped: too many mismatches |	0.00%
                 % of reads unmapped: too short |	0.00%
                     % of reads unmapped: other |	1.86%
                                  CHIMERIC READS:
                       Number of chimeric reads |	0
                            % of chimeric reads |	0.00%
