                                 Started job on |	Jan 09 06:06:14
                             Started mapping on |	Jan 09 06:16:25
                                    Finished on |	Jan 09 06:23:46
       Mapping speed, Million of reads per hour |	235.71

                          Number of input reads |	28874076
                      Average input read length |	40
                                    UNIQUE READS:
                   Uniquely mapped reads number |	15421803
                        Uniquely mapped reads % |	53.41%
                          Average mapped length |	37.53
                       Number of splices: Total |	1939263
            Number of splices: Annotated (sjdb) |	1939260
                       Number of splices: GT/AG |	1713134
                       Number of splices: GC/AG |	224848
                       Number of splices: AT/AC |	969
               Number of splices: Non-canonical |	312
                      Mismatch rate per base, % |	1.40%
                         Deletion rate per base |	0.01%
                        Deletion average length |	1.17
                        Insertion rate per base |	0.00%
                       Insertion average length |	1.15
                             MULTI-MAPPING READS:
        Number of reads mapped to multiple loci |	13220162
             % of reads mapped to multiple loci |	45.79%
        Number of reads mapped to too many loci |	29
             % of reads mapped to too many loci |	0.00%
                                  UNMAPPED READS:
       % of reads unmapped: too many mismatches |	0.00%
                 % of reads unmapped: too short |	0.00%
                     % of reads unmapped: other |	0.80%
                                  CHIMERIC READS:
                       Number of chimeric reads |	0
                            % of chimeric reads |	0.00%
