                                 Started job on |	Jan 09 00:18:12
                             Started mapping on |	Jan 09 00:22:07
                                    Finished on |	Jan 09 00:23:26
       Mapping speed, Million of reads per hour |	195.40

                          Number of input reads |	4287957
                      Average input read length |	40
                                    UNIQUE READS:
                   Uniquely mapped reads number |	3243686
                        Uniquely mapped reads % |	75.65%
                          Average mapped length |	40.24
                       Number of splices: Total |	230317
            Number of splices: Annotated (sjdb) |	230317
                       Number of splices: GT/AG |	228623
                       Number of splices: GC/AG |	1378
                       Number of splices: AT/AC |	234
               Number of splices: Non-canonical |	82
                      Mismatch rate per base, % |	0.50%
                         Deletion rate per base |	0.01%
                        Deletion average length |	1.26
                        Insertion rate per base |	0.00%
                       Insertion average length |	1.15
                             MULTI-MAPPING READS:
        Number of reads mapped to multiple loci |	973235
             % of reads mapped to multiple loci |	22.70%
        Number of reads mapped to too many loci |	3
             % of reads mapped to too many loci |	0.00%
                                  UNMAPPED READS:
       % of reads unmapped: too many mismatches |	0.00%
                 % of reads unmapped: too short |	0.00%
                     % of reads unmapped: other |	1.66%
                                  CHIMERIC READS:
                       Number of chimeric reads |	0
                            % of chimeric reads |	0.00%
