                                 Started job on |	Jan 09 17:09:35
                             Started mapping on |	Jan 09 17:20:37
                                    Finished on |	Jan 09 17:29:00
       Mapping speed, Million of reads per hour |	252.30

                          Number of input reads |	35251352
                      Average input read length |	40
                                    UNIQUE READS:
                   Uniquely mapped reads number |	28352820
                        Uniquely mapped reads % |	80.43%
                          Average mapped length |	40.47
                       Number of splices: Total |	878983
            Number of splices: Annotated (sjdb) |	878928
                       Number of splices: GT/AG |	871529
                       Number of splices: GC/AG |	6393
                       Number of splices: AT/AC |	664
               Number of splices: Non-canonical |	397
                      Mismatch rate per base, % |	0.55%
                         Deletion rate per base |	0.01%
                        Deletion average length |	1.22
                        Insertion rate per base |	0.01%
                       Insertion average length |	1.16
                             MULTI-MAPPING READS:
        Number of reads mapped to multiple loci |	6054076
             % of reads mapped to multiple loci |	17.17%
        Number of reads mapped to too many loci |	91
             % of reads mapped to too many loci |	0.00%
                                  UNMAPPED READS:
       % of reads unmapped: too many mismatches |	0.00%
                 % of reads unmapped: too short |	0.00%
                     % of reads unmapped: other |	2.40%
                                  CHIMERIC READS:
                       Number of chimeric reads |	0
                            % of chimeric reads |	0.00%
