                                 Started job on |	Jan 09 16:15:46
                             Started mapping on |	Jan 09 16:24:53
                                    Finished on |	Jan 09 16:31:30
       Mapping speed, Million of reads per hour |	231.13

                          Number of input reads |	25489026
                      Average input read length |	40
                                    UNIQUE READS:
                   Uniquely mapped reads number |	12003772
                        Uniquely mapped reads % |	47.09%
                          Average mapped length |	36.33
                       Number of splices: Total |	1319243
            Number of splices: Annotated (sjdb) |	1319239
                       Number of splices: GT/AG |	1048087
                       Number of splices: GC/AG |	270405
                       Number of splices: AT/AC |	395
               Number of splices: Non-canonical |	356
                      Mismatch rate per base, % |	1.45%
                         Deletion rate per base |	0.01%
                        Deletion average length |	1.23
                        Insertion rate per base |	0.00%
                       Insertion average length |	1.14
                             MULTI-MAPPING READS:
        Number of reads mapped to multiple loci |	13185495
             % of reads mapped to multiple loci |	51.73%
        Number of reads mapped to too many loci |	19
             % of reads mapped to too many loci |	0.00%
                                  UNMAPPED READS:
       % of reads unmapped: too many mismatches |	0.00%
                 % of reads unmapped: too short |	0.00%
                     % of reads unmapped: other |	1.18%
                                  CHIMERIC READS:
                       Number of chimeric reads |	0
                            % of chimeric reads |	0.00%
