                                 Started job on |	Jan 09 05:19:44
                             Started mapping on |	Jan 09 05:28:44
                                    Finished on |	Jan 09 05:34:40
       Mapping speed, Million of reads per hour |	242.63

                          Number of input reads |	23993879
                      Average input read length |	40
                                    UNIQUE READS:
                   Uniquely mapped reads number |	18086250
                        Uniquely mapped reads % |	75.38%
                          Average mapped length |	40.21
                       Number of splices: Total |	798554
            Number of splices: Annotated (sjdb) |	798503
                       Number of splices: GT/AG |	793879
                       Number of splices: GC/AG |	3766
                       Number of splices: AT/AC |	696
               Number of splices: Non-canonical |	213
                      Mismatch rate per base, % |	0.51%
                         Deletion rate per base |	0.01%
                        Deletion average length |	1.24
                        Insertion rate per base |	0.00%
                       Insertion average length |	1.16
                             MULTI-MAPPING READS:
        Number of reads mapped to multiple loci |	5332143
             % of reads mapped to multiple loci |	22.22%
        Number of reads mapped to too many loci |	30
             % of reads mapped to too many loci |	0.00%
                                  UNMAPPED READS:
       % of reads unmapped: too many mismatches |	0.00%
                 % of reads unmapped: too short |	0.00%
                     % of reads unmapped: other |	2.40%
                                  CHIMERIC READS:
                       Number of chimeric reads |	0
                            % of chimeric reads |	0.00%
