                                 Started job on |	Jan 09 11:24:14
                             Started mapping on |	Jan 09 11:29:40
                                    Finished on |	Jan 09 11:31:52
       Mapping speed, Million of reads per hour |	221.28

                          Number of input reads |	8113740
                      Average input read length |	40
                                    UNIQUE READS:
                   Uniquely mapped reads number |	6108794
                        Uniquely mapped reads % |	75.29%
                          Average mapped length |	40.02
                       Number of splices: Total |	157574
            Number of splices: Annotated (sjdb) |	157572
                       Number of splices: GT/AG |	156402
                       Number of splices: GC/AG |	950
                       Number of splices: AT/AC |	136
               Number of splices: Non-canonical |	86
                      Mismatch rate per base, % |	0.56%
                         Deletion rate per base |	0.01%
                        Deletion average length |	1.23
                        Insertion rate per base |	0.01%
                       Insertion average length |	1.15
                             MULTI-MAPPING READS:
        Number of reads mapped to multiple loci |	1796274
             % of reads mapped to multiple loci |	22.14%
        Number of reads mapped to too many loci |	29
             % of reads mapped to too many loci |	0.00%
                                  UNMAPPED READS:
       % of reads unmapped: too many mismatches |	0.00%
                 % of reads unmapped: too short |	0.00%
                     % of reads unmapped: other |	2.57%
                                  CHIMERIC READS:
                       Number of chimeric reads |	0
                            % of chimeric reads |	0.00%
