                                 Started job on |	Jan 08 22:33:30
                             Started mapping on |	Jan 08 22:40:19
                                    Finished on |	Jan 08 22:42:46
       Mapping speed, Million of reads per hour |	216.24

                          Number of input reads |	8829619
                      Average input read length |	40
                                    UNIQUE READS:
                   Uniquely mapped reads number |	6923827
                        Uniquely mapped reads % |	78.42%
                          Average mapped length |	40.40
                       Number of splices: Total |	340275
            Number of splices: Annotated (sjdb) |	340275
                       Number of splices: GT/AG |	337946
                       Number of splices: GC/AG |	1963
                       Number of splices: AT/AC |	251
               Number of splices: Non-canonical |	115
                      Mismatch rate per base, % |	0.56%
                         Deletion rate per base |	0.01%
                        Deletion average length |	1.20
                        Insertion rate per base |	0.00%
                       Insertion average length |	1.15
                             MULTI-MAPPING READS:
        Number of reads mapped to multiple loci |	1699850
             % of reads mapped to multiple loci |	19.25%
        Number of reads mapped to too many loci |	14
             % of reads mapped to too many loci |	0.00%
                                  UNMAPPED READS:
       % of reads unmapped: too many mismatches |	0.00%
                 % of reads unmapped: too short |	0.00%
                     % of reads unmapped: other |	2.33%
                                  CHIMERIC READS:
                       Number of chimeric reads |	0
                            % of chimeric reads |	0.00%
