                                 Started job on |	Jan 09 01:07:24
                             Started mapping on |	Jan 09 01:14:22
                                    Finished on |	Jan 09 01:18:58
       Mapping speed, Million of reads per hour |	250.06

                          Number of input reads |	19170948
                      Average input read length |	40
                                    UNIQUE READS:
                   Uniquely mapped reads number |	15129017
                        Uniquely mapped reads % |	78.92%
                          Average mapped length |	40.39
                       Number of splices: Total |	718303
            Number of splices: Annotated (sjdb) |	718274
                       Number of splices: GT/AG |	713168
                       Number of splices: GC/AG |	4271
                       Number of splices: AT/AC |	593
               Number of splices: Non-canonical |	271
                      Mismatch rate per base, % |	0.55%
                         Deletion rate per base |	0.01%
                        Deletion average length |	1.21
                        Insertion rate per base |	0.00%
                       Insertion average length |	1.15
                             MULTI-MAPPING READS:
        Number of reads mapped to multiple loci |	3644191
             % of reads mapped to multiple loci |	19.01%
        Number of reads mapped to too many loci |	42
             % of reads mapped to too many loci |	0.00%
                                  UNMAPPED READS:
       % of reads unmapped: too many mismatches |	0.00%
                 % of reads unmapped: too short |	0.00%
                     % of reads unmapped: other |	2.07%
                                  CHIMERIC READS:
                       Number of chimeric reads |	0
                            % of chimeric reads |	0.00%
