                                 Started job on |	Jan 09 19:54:32
                             Started mapping on |	Jan 09 20:04:22
                                    Finished on |	Jan 09 20:11:02
       Mapping speed, Million of reads per hour |	250.92

                          Number of input reads |	27879994
                      Average input read length |	40
                                    UNIQUE READS:
                   Uniquely mapped reads number |	21112138
                        Uniquely mapped reads % |	75.73%
                          Average mapped length |	40.37
                       Number of splices: Total |	1142642
            Number of splices: Annotated (sjdb) |	1142602
                       Number of splices: GT/AG |	1135491
                       Number of splices: GC/AG |	5278
                       Number of splices: AT/AC |	1699
               Number of splices: Non-canonical |	174
                      Mismatch rate per base, % |	0.51%
                         Deletion rate per base |	0.01%
                        Deletion average length |	1.23
                        Insertion rate per base |	0.00%
                       Insertion average length |	1.20
                             MULTI-MAPPING READS:
        Number of reads mapped to multiple loci |	6077790
             % of reads mapped to multiple loci |	21.80%
        Number of reads mapped to too many loci |	27
             % of reads mapped to too many loci |	0.00%
                                  UNMAPPED READS:
       % of reads unmapped: too many mismatches |	0.00%
                 % of reads unmapped: too short |	0.00%
                     % of reads unmapped: other |	2.48%
                                  CHIMERIC READS:
                       Number of chimeric reads |	0
                            % of chimeric reads |	0.00%
