                                 Started job on |	Jan 09 00:33:16
                             Started mapping on |	Jan 09 00:39:47
                                    Finished on |	Jan 09 00:43:59
       Mapping speed, Million of reads per hour |	235.33

                          Number of input reads |	16473030
                      Average input read length |	40
                                    UNIQUE READS:
                   Uniquely mapped reads number |	12887311
                        Uniquely mapped reads % |	78.23%
                          Average mapped length |	40.37
                       Number of splices: Total |	412483
            Number of splices: Annotated (sjdb) |	412439
                       Number of splices: GT/AG |	409606
                       Number of splices: GC/AG |	2543
                       Number of splices: AT/AC |	209
               Number of splices: Non-canonical |	125
                      Mismatch rate per base, % |	0.58%
                         Deletion rate per base |	0.01%
                        Deletion average length |	1.20
                        Insertion rate per base |	0.01%
                       Insertion average length |	1.15
                             MULTI-MAPPING READS:
        Number of reads mapped to multiple loci |	3069559
             % of reads mapped to multiple loci |	18.63%
        Number of reads mapped to too many loci |	40
             % of reads mapped to too many loci |	0.00%
                                  UNMAPPED READS:
       % of reads unmapped: too many mismatches |	0.00%
                 % of reads unmapped: too short |	0.00%
                     % of reads unmapped: other |	3.13%
                                  CHIMERIC READS:
                       Number of chimeric reads |	0
                            % of chimeric reads |	0.00%
