                                 Started job on |	Jan 08 23:23:21
                             Started mapping on |	Jan 08 23:30:31
                                    Finished on |	Jan 08 23:34:43
       Mapping speed, Million of reads per hour |	239.45

                          Number of input reads |	16761227
                      Average input read length |	40
                                    UNIQUE READS:
                   Uniquely mapped reads number |	12672358
                        Uniquely mapped reads % |	75.61%
                          Average mapped length |	40.12
                       Number of splices: Total |	793730
            Number of splices: Annotated (sjdb) |	793727
                       Number of splices: GT/AG |	788122
                       Number of splices: GC/AG |	4493
                       Number of splices: AT/AC |	792
               Number of splices: Non-canonical |	323
                      Mismatch rate per base, % |	0.78%
                         Deletion rate per base |	0.01%
                        Deletion average length |	1.21
                        Insertion rate per base |	0.00%
                       Insertion average length |	1.14
                             MULTI-MAPPING READS:
        Number of reads mapped to multiple loci |	3778429
             % of reads mapped to multiple loci |	22.54%
        Number of reads mapped to too many loci |	37
             % of reads mapped to too many loci |	0.00%
                                  UNMAPPED READS:
       % of reads unmapped: too many mismatches |	0.00%
                 % of reads unmapped: too short |	0.00%
                     % of reads unmapped: other |	1.85%
                                  CHIMERIC READS:
                       Number of chimeric reads |	0
                            % of chimeric reads |	0.00%
