                                 Started job on |	Jan 09 09:36:21
                             Started mapping on |	Jan 09 09:40:58
                                    Finished on |	Jan 09 09:42:14
       Mapping speed, Million of reads per hour |	193.58

                          Number of input reads |	4086645
                      Average input read length |	40
                                    UNIQUE READS:
                   Uniquely mapped reads number |	3153377
                        Uniquely mapped reads % |	77.16%
                          Average mapped length |	40.48
                       Number of splices: Total |	169467
            Number of splices: Annotated (sjdb) |	169467
                       Number of splices: GT/AG |	168259
                       Number of splices: GC/AG |	1027
                       Number of splices: AT/AC |	100
               Number of splices: Non-canonical |	81
                      Mismatch rate per base, % |	0.51%
                         Deletion rate per base |	0.01%
                        Deletion average length |	1.24
                        Insertion rate per base |	0.00%
                       Insertion average length |	1.16
                             MULTI-MAPPING READS:
        Number of reads mapped to multiple loci |	837271
             % of reads mapped to multiple loci |	20.49%
        Number of reads mapped to too many loci |	6
             % of reads mapped to too many loci |	0.00%
                                  UNMAPPED READS:
       % of reads unmapped: too many mismatches |	0.00%
                 % of reads unmapped: too short |	0.00%
                     % of reads unmapped: other |	2.35%
                                  CHIMERIC READS:
                       Number of chimeric reads |	0
                            % of chimeric reads |	0.00%
