                                 Started job on |	Jan 09 14:54:19
                             Started mapping on |	Jan 09 15:00:19
                                    Finished on |	Jan 09 15:03:33
       Mapping speed, Million of reads per hour |	223.42

                          Number of input reads |	12039819
                      Average input read length |	40
                                    UNIQUE READS:
                   Uniquely mapped reads number |	9305716
                        Uniquely mapped reads % |	77.29%
                          Average mapped length |	40.19
                       Number of splices: Total |	254197
            Number of splices: Annotated (sjdb) |	254134
                       Number of splices: GT/AG |	252495
                       Number of splices: GC/AG |	1440
                       Number of splices: AT/AC |	194
               Number of splices: Non-canonical |	68
                      Mismatch rate per base, % |	0.60%
                         Deletion rate per base |	0.01%
                        Deletion average length |	1.23
                        Insertion rate per base |	0.01%
                       Insertion average length |	1.15
                             MULTI-MAPPING READS:
        Number of reads mapped to multiple loci |	2457607
             % of reads mapped to multiple loci |	20.41%
        Number of reads mapped to too many loci |	26
             % of reads mapped to too many loci |	0.00%
                                  UNMAPPED READS:
       % of reads unmapped: too many mismatches |	0.00%
                 % of reads unmapped: too short |	0.00%
                     % of reads unmapped: other |	2.30%
                                  CHIMERIC READS:
                       Number of chimeric reads |	0
                            % of chimeric reads |	0.00%
