                                 Started job on |	Jan 09 02:23:28
                             Started mapping on |	Jan 09 02:31:38
                                    Finished on |	Jan 09 02:37:07
       Mapping speed, Million of reads per hour |	245.37

                          Number of input reads |	22424254
                      Average input read length |	40
                                    UNIQUE READS:
                   Uniquely mapped reads number |	15977515
                        Uniquely mapped reads % |	71.25%
                          Average mapped length |	39.95
                       Number of splices: Total |	632984
            Number of splices: Annotated (sjdb) |	632965
                       Number of splices: GT/AG |	628430
                       Number of splices: GC/AG |	3472
                       Number of splices: AT/AC |	859
               Number of splices: Non-canonical |	223
                      Mismatch rate per base, % |	0.64%
                         Deletion rate per base |	0.01%
                        Deletion average length |	1.19
                        Insertion rate per base |	0.00%
                       Insertion average length |	1.17
                             MULTI-MAPPING READS:
        Number of reads mapped to multiple loci |	5876361
             % of reads mapped to multiple loci |	26.21%
        Number of reads mapped to too many loci |	33
             % of reads mapped to too many loci |	0.00%
                                  UNMAPPED READS:
       % of reads unmapped: too many mismatches |	0.00%
                 % of reads unmapped: too short |	0.00%
                     % of reads unmapped: other |	2.54%
                                  CHIMERIC READS:
                       Number of chimeric reads |	0
                            % of chimeric reads |	0.00%
