                                 Started job on |	Jan 09 20:45:06
                             Started mapping on |	Jan 09 20:55:42
                                    Finished on |	Jan 09 21:03:27
       Mapping speed, Million of reads per hour |	242.72

                          Number of input reads |	31351951
                      Average input read length |	40
                                    UNIQUE READS:
                   Uniquely mapped reads number |	23428648
                        Uniquely mapped reads % |	74.73%
                          Average mapped length |	40.19
                       Number of splices: Total |	958546
            Number of splices: Annotated (sjdb) |	958486
                       Number of splices: GT/AG |	952770
                       Number of splices: GC/AG |	4734
                       Number of splices: AT/AC |	649
               Number of splices: Non-canonical |	393
                      Mismatch rate per base, % |	0.57%
                         Deletion rate per base |	0.01%
                        Deletion average length |	1.19
                        Insertion rate per base |	0.00%
                       Insertion average length |	1.17
                             MULTI-MAPPING READS:
        Number of reads mapped to multiple loci |	7150345
             % of reads mapped to multiple loci |	22.81%
        Number of reads mapped to too many loci |	68
             % of reads mapped to too many loci |	0.00%
                                  UNMAPPED READS:
       % of reads unmapped: too many mismatches |	0.00%
                 % of reads unmapped: too short |	0.00%
                     % of reads unmapped: other |	2.47%
                                  CHIMERIC READS:
                       Number of chimeric reads |	0
                            % of chimeric reads |	0.00%
