                                 Started job on |	Jan 09 11:46:09
                             Started mapping on |	Jan 09 11:53:14
                                    Finished on |	Jan 09 11:57:19
       Mapping speed, Million of reads per hour |	251.95

                          Number of input reads |	17146699
                      Average input read length |	40
                                    UNIQUE READS:
                   Uniquely mapped reads number |	13978427
                        Uniquely mapped reads % |	81.52%
                          Average mapped length |	40.46
                       Number of splices: Total |	765083
            Number of splices: Annotated (sjdb) |	765075
                       Number of splices: GT/AG |	759194
                       Number of splices: GC/AG |	4916
                       Number of splices: AT/AC |	697
               Number of splices: Non-canonical |	276
                      Mismatch rate per base, % |	0.45%
                         Deletion rate per base |	0.01%
                        Deletion average length |	1.26
                        Insertion rate per base |	0.00%
                       Insertion average length |	1.17
                             MULTI-MAPPING READS:
        Number of reads mapped to multiple loci |	2842045
             % of reads mapped to multiple loci |	16.57%
        Number of reads mapped to too many loci |	36
             % of reads mapped to too many loci |	0.00%
                                  UNMAPPED READS:
       % of reads unmapped: too many mismatches |	0.00%
                 % of reads unmapped: too short |	0.00%
                     % of reads unmapped: other |	1.90%
                                  CHIMERIC READS:
                       Number of chimeric reads |	0
                            % of chimeric reads |	0.00%
