                                 Started job on |	Jan 09 15:21:58
                             Started mapping on |	Jan 09 15:31:40
                                    Finished on |	Jan 09 15:38:34
       Mapping speed, Million of reads per hour |	247.42

                          Number of input reads |	28453420
                      Average input read length |	40
                                    UNIQUE READS:
                   Uniquely mapped reads number |	22901692
                        Uniquely mapped reads % |	80.49%
                          Average mapped length |	40.44
                       Number of splices: Total |	399365
            Number of splices: Annotated (sjdb) |	399351
                       Number of splices: GT/AG |	395970
                       Number of splices: GC/AG |	2766
                       Number of splices: AT/AC |	406
               Number of splices: Non-canonical |	223
                      Mismatch rate per base, % |	0.51%
                         Deletion rate per base |	0.01%
                        Deletion average length |	1.24
                        Insertion rate per base |	0.01%
                       Insertion average length |	1.13
                             MULTI-MAPPING READS:
        Number of reads mapped to multiple loci |	4655166
             % of reads mapped to multiple loci |	16.36%
        Number of reads mapped to too many loci |	83
             % of reads mapped to too many loci |	0.00%
                                  UNMAPPED READS:
       % of reads unmapped: too many mismatches |	0.00%
                 % of reads unmapped: too short |	0.00%
                     % of reads unmapped: other |	3.15%
                                  CHIMERIC READS:
                       Number of chimeric reads |	0
                            % of chimeric reads |	0.00%
