                                 Started job on |	Jan 08 23:59:12
                             Started mapping on |	Jan 09 00:03:56
                                    Finished on |	Jan 09 00:05:44
       Mapping speed, Million of reads per hour |	216.27

                          Number of input reads |	6488010
                      Average input read length |	40
                                    UNIQUE READS:
                   Uniquely mapped reads number |	4950154
                        Uniquely mapped reads % |	76.30%
                          Average mapped length |	40.13
                       Number of splices: Total |	267933
            Number of splices: Annotated (sjdb) |	267931
                       Number of splices: GT/AG |	265778
                       Number of splices: GC/AG |	1653
                       Number of splices: AT/AC |	370
               Number of splices: Non-canonical |	132
                      Mismatch rate per base, % |	0.81%
                         Deletion rate per base |	0.01%
                        Deletion average length |	1.18
                        Insertion rate per base |	0.00%
                       Insertion average length |	1.14
                             MULTI-MAPPING READS:
        Number of reads mapped to multiple loci |	1418937
             % of reads mapped to multiple loci |	21.87%
        Number of reads mapped to too many loci |	9
             % of reads mapped to too many loci |	0.00%
                                  UNMAPPED READS:
       % of reads unmapped: too many mismatches |	0.00%
                 % of reads unmapped: too short |	0.00%
                     % of reads unmapped: other |	1.83%
                                  CHIMERIC READS:
                       Number of chimeric reads |	0
                            % of chimeric reads |	0.00%
