                                 Started job on |	Jan 09 19:10:11
                             Started mapping on |	Jan 09 19:19:02
                                    Finished on |	Jan 09 19:24:32
       Mapping speed, Million of reads per hour |	252.90

                          Number of input reads |	23182750
                      Average input read length |	40
                                    UNIQUE READS:
                   Uniquely mapped reads number |	17762314
                        Uniquely mapped reads % |	76.62%
                          Average mapped length |	40.41
                       Number of splices: Total |	908511
            Number of splices: Annotated (sjdb) |	908484
                       Number of splices: GT/AG |	903105
                       Number of splices: GC/AG |	4576
                       Number of splices: AT/AC |	568
               Number of splices: Non-canonical |	262
                      Mismatch rate per base, % |	0.49%
                         Deletion rate per base |	0.01%
                        Deletion average length |	1.22
                        Insertion rate per base |	0.00%
                       Insertion average length |	1.16
                             MULTI-MAPPING READS:
        Number of reads mapped to multiple loci |	4827940
             % of reads mapped to multiple loci |	20.83%
        Number of reads mapped to too many loci |	49
             % of reads mapped to too many loci |	0.00%
                                  UNMAPPED READS:
       % of reads unmapped: too many mismatches |	0.00%
                 % of reads unmapped: too short |	0.00%
                     % of reads unmapped: other |	2.56%
                                  CHIMERIC READS:
                       Number of chimeric reads |	0
                            % of chimeric reads |	0.00%
