                                 Started job on |	Jan 09 10:50:50
                             Started mapping on |	Jan 09 10:57:25
                                    Finished on |	Jan 09 11:01:15
       Mapping speed, Million of reads per hour |	232.09

                          Number of input reads |	14827658
                      Average input read length |	40
                                    UNIQUE READS:
                   Uniquely mapped reads number |	9365187
                        Uniquely mapped reads % |	63.16%
                          Average mapped length |	38.94
                       Number of splices: Total |	709785
            Number of splices: Annotated (sjdb) |	709780
                       Number of splices: GT/AG |	705170
                       Number of splices: GC/AG |	3730
                       Number of splices: AT/AC |	580
               Number of splices: Non-canonical |	305
                      Mismatch rate per base, % |	0.75%
                         Deletion rate per base |	0.01%
                        Deletion average length |	1.25
                        Insertion rate per base |	0.00%
                       Insertion average length |	1.16
                             MULTI-MAPPING READS:
        Number of reads mapped to multiple loci |	5274636
             % of reads mapped to multiple loci |	35.57%
        Number of reads mapped to too many loci |	16
             % of reads mapped to too many loci |	0.00%
                                  UNMAPPED READS:
       % of reads unmapped: too many mismatches |	0.00%
                 % of reads unmapped: too short |	0.00%
                     % of reads unmapped: other |	1.27%
                                  CHIMERIC READS:
                       Number of chimeric reads |	0
                            % of chimeric reads |	0.00%
