                                 Started job on |	Jan 09 01:44:30
                             Started mapping on |	Jan 09 01:51:57
                                    Finished on |	Jan 09 01:56:58
       Mapping speed, Million of reads per hour |	224.74

                          Number of input reads |	18791100
                      Average input read length |	40
                                    UNIQUE READS:
                   Uniquely mapped reads number |	14769601
                        Uniquely mapped reads % |	78.60%
                          Average mapped length |	40.25
                       Number of splices: Total |	467979
            Number of splices: Annotated (sjdb) |	467911
                       Number of splices: GT/AG |	464199
                       Number of splices: GC/AG |	3066
                       Number of splices: AT/AC |	471
               Number of splices: Non-canonical |	243
                      Mismatch rate per base, % |	0.79%
                         Deletion rate per base |	0.01%
                        Deletion average length |	1.19
                        Insertion rate per base |	0.01%
                       Insertion average length |	1.13
                             MULTI-MAPPING READS:
        Number of reads mapped to multiple loci |	3571161
             % of reads mapped to multiple loci |	19.00%
        Number of reads mapped to too many loci |	112
             % of reads mapped to too many loci |	0.00%
                                  UNMAPPED READS:
       % of reads unmapped: too many mismatches |	0.00%
                 % of reads unmapped: too short |	0.00%
                     % of reads unmapped: other |	2.40%
                                  CHIMERIC READS:
                       Number of chimeric reads |	0
                            % of chimeric reads |	0.00%
