                                 Started job on |	Jan 09 14:18:12
                             Started mapping on |	Jan 09 14:25:08
                                    Finished on |	Jan 09 14:29:19
       Mapping speed, Million of reads per hour |	247.53

                          Number of input reads |	17258081
                      Average input read length |	40
                                    UNIQUE READS:
                   Uniquely mapped reads number |	13747117
                        Uniquely mapped reads % |	79.66%
                          Average mapped length |	40.44
                       Number of splices: Total |	587400
            Number of splices: Annotated (sjdb) |	587395
                       Number of splices: GT/AG |	583662
                       Number of splices: GC/AG |	3271
                       Number of splices: AT/AC |	352
               Number of splices: Non-canonical |	115
                      Mismatch rate per base, % |	0.49%
                         Deletion rate per base |	0.01%
                        Deletion average length |	1.23
                        Insertion rate per base |	0.00%
                       Insertion average length |	1.16
                             MULTI-MAPPING READS:
        Number of reads mapped to multiple loci |	3136023
             % of reads mapped to multiple loci |	18.17%
        Number of reads mapped to too many loci |	25
             % of reads mapped to too many loci |	0.00%
                                  UNMAPPED READS:
       % of reads unmapped: too many mismatches |	0.00%
                 % of reads unmapped: too short |	0.00%
                     % of reads unmapped: other |	2.17%
                                  CHIMERIC READS:
                       Number of chimeric reads |	0
                            % of chimeric reads |	0.00%
