                                 Started job on |	Jan 09 08:44:18
                             Started mapping on |	Jan 09 08:53:50
                                    Finished on |	Jan 09 09:00:17
       Mapping speed, Million of reads per hour |	250.36

                          Number of input reads |	26914010
                      Average input read length |	40
                                    UNIQUE READS:
                   Uniquely mapped reads number |	19000525
                        Uniquely mapped reads % |	70.60%
                          Average mapped length |	39.65
                       Number of splices: Total |	1051238
            Number of splices: Annotated (sjdb) |	1051233
                       Number of splices: GT/AG |	964557
                       Number of splices: GC/AG |	85998
                       Number of splices: AT/AC |	392
               Number of splices: Non-canonical |	291
                      Mismatch rate per base, % |	0.68%
                         Deletion rate per base |	0.01%
                        Deletion average length |	1.27
                        Insertion rate per base |	0.00%
                       Insertion average length |	1.19
                             MULTI-MAPPING READS:
        Number of reads mapped to multiple loci |	7285902
             % of reads mapped to multiple loci |	27.07%
        Number of reads mapped to too many loci |	9
             % of reads mapped to too many loci |	0.00%
                                  UNMAPPED READS:
       % of reads unmapped: too many mismatches |	0.00%
                 % of reads unmapped: too short |	0.00%
                     % of reads unmapped: other |	2.33%
                                  CHIMERIC READS:
                       Number of chimeric reads |	0
                            % of chimeric reads |	0.00%
